<?xml version="1.0" encoding="UTF-8"?>
<!-- Generated by org.testng.reporters.JUnitReportReporter -->
<testsuite hostname="LAPTOP-C66MPFJL" failures="0" tests="1" name="testng.LoanTest" time="0.002" errors="0" timestamp="02 Apr 2022 16:38:26 GMT" skipped="0">
  <testcase classname="testng.LoanTest" name="HomeLoanTest" time="0.002"/>
</testsuite> <!-- testng.LoanTest -->
