<?xml version="1.0" encoding="UTF-8"?>
<!-- Generated by org.testng.reporters.JUnitReportReporter -->
<testsuite hostname="LAPTOP-C66MPFJL" failures="0" tests="1" name="testng.LoginTest" time="19.177" errors="0" timestamp="02 Apr 2022 16:38:26 GMT" skipped="0">
  <testcase classname="testng.LoginTest" name="LoginTestcase1" time="19.177"/>
</testsuite> <!-- testng.LoginTest -->
