<?xml version="1.0" encoding="UTF-8"?>
<!-- Generated by org.testng.reporters.JUnitReportReporter -->
<testsuite hostname="LAPTOP-C66MPFJL" failures="0" tests="1" name="testng.CardTest" time="0.001" errors="0" timestamp="03 Apr 2022 15:10:01 GMT" skipped="0">
  <testcase classname="testng.CardTest" name="CreditCardTest" time="0.001"/>
</testsuite> <!-- testng.CardTest -->
